0 verbose cli C:\Program Files\nodejs\node.exe C:\Users\nicoa\AppData\Roaming\npm\node_modules\npm\bin\npm-cli.js
1 info using npm@11.0.0
2 info using node@v22.12.0
3 silly config load:file:C:\Users\nicoa\AppData\Roaming\npm\node_modules\npm\npmrc
4 silly config load:file:c:\Users\nicoa\Desktop\Coderhouse\Backend III\ProyFinal_Alvaredo_Backend_III\.npmrc
5 silly config load:file:C:\Users\nicoa\.npmrc
6 silly config load:file:C:\Users\nicoa\AppData\Roaming\npm\etc\npmrc
7 verbose title npm view @faker-js/faker description dist-tags.latest homepage version time
8 verbose argv "view" "--json" "--" "@faker-js/faker" "description" "dist-tags.latest" "homepage" "version" "time"
9 verbose logfile logs-max:10 dir:C:\Users\nicoa\Desktop\Coderhouse\Backend III\ProyFinal_Alvaredo_Backend_III\UsersnicoaAppDataRoamingnpm-cache\_logs\2025-07-03T02_32_40_495Z-
10 verbose logfile C:\Users\nicoa\Desktop\Coderhouse\Backend III\ProyFinal_Alvaredo_Backend_III\UsersnicoaAppDataRoamingnpm-cache\_logs\2025-07-03T02_32_40_495Z-debug-0.log
11 silly logfile start cleaning logs, removing 1 files
12 silly logfile done cleaning log files
13 http fetch GET 200 https://registry.npmjs.org/@faker-js%2ffaker 4010ms (cache revalidated)
14 verbose cwd c:\Users\nicoa\Desktop\Coderhouse\Backend III\ProyFinal_Alvaredo_Backend_III
15 verbose os Windows_NT 10.0.26100
16 verbose node v22.12.0
17 verbose npm  v11.0.0
18 verbose exit 0
19 info ok
