[2025-07-02 21:54:07] [31merror[39m: [31mError retrieving user: Cast to ObjectId failed for value "68443c176229f8b4242a18b01" (type string) at path "_id" for model "Users"[39m
[2025-07-02 23:13:49] [31merror[39m: [31mError in createAdoption: Cast to ObjectId failed for value "undefined" (type string) at path "_id" for model "Users"[39m
[2025-07-02 23:13:49] [31merror[39m: [31mError in createAdoption: Cast to ObjectId failed for value "undefined" (type string) at path "_id" for model "Users"[39m
[2025-07-02 23:13:49] [31merror[39m: [31mError in createAdoption: Cast to ObjectId failed for value "undefined" (type string) at path "_id" for model "Users"[39m
[2025-07-02 23:13:49] [31merror[39m: [31mError in createAdoption: Cast to ObjectId failed for value "invalid_id" (type string) at path "_id" for model "Users"[39m
[2025-07-02 23:13:49] [31merror[39m: [31mError retrieving adoption: Cast to ObjectId failed for value "undefined" (type string) at path "_id" for model "Adoptions"[39m
[2025-07-02 23:13:49] [31merror[39m: [31mError retrieving adoption: Cast to ObjectId failed for value "123_invalid" (type string) at path "_id" for model "Adoptions"[39m
[2025-07-02 23:14:37] [31merror[39m: [31mError in createAdoption: Cast to ObjectId failed for value "undefined" (type string) at path "_id" for model "Users"[39m
[2025-07-02 23:14:37] [31merror[39m: [31mError in createAdoption: Cast to ObjectId failed for value "undefined" (type string) at path "_id" for model "Users"[39m
[2025-07-02 23:14:37] [31merror[39m: [31mError retrieving adoption: Cast to ObjectId failed for value "undefined" (type string) at path "_id" for model "Adoptions"[39m
[2025-07-02 23:14:37] [31merror[39m: [31mError retrieving adoption: Cast to ObjectId failed for value "invalid_id" (type string) at path "_id" for model "Adoptions"[39m
[2025-07-02 23:17:44] [31merror[39m: [31mError in createAdoption: Cast to ObjectId failed for value "invalid_id" (type string) at path "_id" for model "Users"[39m
[2025-07-02 23:17:44] [31merror[39m: [31mError retrieving adoption: Cast to ObjectId failed for value "undefined" (type string) at path "_id" for model "Adoptions"[39m
[2025-07-02 23:17:44] [31merror[39m: [31mError retrieving adoption: Cast to ObjectId failed for value "invalid_id" (type string) at path "_id" for model "Adoptions"[39m
[2025-07-02 23:19:42] [31merror[39m: [31mError in createAdoption: Cast to ObjectId failed for value "invalid_id" (type string) at path "_id" for model "Users"[39m
[2025-07-02 23:19:42] [31merror[39m: [31mError retrieving adoption: Cast to ObjectId failed for value "invalid_id" (type string) at path "_id" for model "Adoptions"[39m
[2025-07-02 23:20:29] [31merror[39m: [31mError in createAdoption: Cast to ObjectId failed for value "invalid_id" (type string) at path "_id" for model "Users"[39m
[2025-07-02 23:20:29] [31merror[39m: [31mError retrieving adoption: Cast to ObjectId failed for value "undefined" (type string) at path "_id" for model "Adoptions"[39m
[2025-07-02 23:20:29] [31merror[39m: [31mError retrieving adoption: Cast to ObjectId failed for value "invalid_id" (type string) at path "_id" for model "Adoptions"[39m
[2025-07-02 23:20:40] [31merror[39m: [31mError in createAdoption: Cast to ObjectId failed for value "invalid_id" (type string) at path "_id" for model "Users"[39m
[2025-07-02 23:20:40] [31merror[39m: [31mError retrieving adoption: Cast to ObjectId failed for value "invalid_id" (type string) at path "_id" for model "Adoptions"[39m
[2025-07-02 23:22:28] [31merror[39m: [31mError in createAdoption: Cast to ObjectId failed for value "invalid_id" (type string) at path "_id" for model "Users"[39m
[2025-07-02 23:22:28] [31merror[39m: [31mError retrieving adoption: Cast to ObjectId failed for value "invalid_id" (type string) at path "_id" for model "Adoptions"[39m
[2025-07-02 23:23:03] [31merror[39m: [31mError in createAdoption: Cast to ObjectId failed for value "invalid_id" (type string) at path "_id" for model "Users"[39m
[2025-07-02 23:23:03] [31merror[39m: [31mError retrieving adoption: Cast to ObjectId failed for value "invalid_id" (type string) at path "_id" for model "Adoptions"[39m
[2025-07-02 23:24:11] [31merror[39m: [31mError in createAdoption: Cast to ObjectId failed for value "invalid_id" (type string) at path "_id" for model "Users"[39m
[2025-07-02 23:24:11] [31merror[39m: [31mError retrieving adoption: Cast to ObjectId failed for value "invalid_id" (type string) at path "_id" for model "Adoptions"[39m
[2025-07-02 23:24:50] [31merror[39m: [31mError in createAdoption: Cast to ObjectId failed for value "invalid_id" (type string) at path "_id" for model "Users"[39m
[2025-07-02 23:24:50] [31merror[39m: [31mError retrieving adoption: Cast to ObjectId failed for value "invalid_id" (type string) at path "_id" for model "Adoptions"[39m
[2025-07-02 23:25:05] [31merror[39m: [31mError in createAdoption: Cast to ObjectId failed for value "invalid_id" (type string) at path "_id" for model "Users"[39m
[2025-07-02 23:25:05] [31merror[39m: [31mError retrieving adoption: Cast to ObjectId failed for value "invalid_id" (type string) at path "_id" for model "Adoptions"[39m
[2025-07-02 23:25:14] [31merror[39m: [31mError in createAdoption: Cast to ObjectId failed for value "invalid_id" (type string) at path "_id" for model "Users"[39m
[2025-07-02 23:25:14] [31merror[39m: [31mError retrieving adoption: Cast to ObjectId failed for value "invalid_id" (type string) at path "_id" for model "Adoptions"[39m
[2025-07-02 23:28:06] [31merror[39m: [31mError in createAdoption: Cast to ObjectId failed for value "invalid_id" (type string) at path "_id" for model "Users"[39m
[2025-07-02 23:28:06] [31merror[39m: [31mError retrieving adoption: Cast to ObjectId failed for value "invalid_id" (type string) at path "_id" for model "Adoptions"[39m
[2025-07-02 23:32:52] [31merror[39m: [31mError in createAdoption: Cast to ObjectId failed for value "invalid_id" (type string) at path "_id" for model "Users"[39m
[2025-07-02 23:32:52] [31merror[39m: [31mError retrieving adoption: Cast to ObjectId failed for value "invalid_id" (type string) at path "_id" for model "Adoptions"[39m
[2025-07-02 23:33:12] [31merror[39m: [31mError in createAdoption: Cast to ObjectId failed for value "invalid_id" (type string) at path "_id" for model "Users"[39m
[2025-07-02 23:33:12] [31merror[39m: [31mError retrieving adoption: Cast to ObjectId failed for value "invalid_id" (type string) at path "_id" for model "Adoptions"[39m
